This is pdfTeX, Version 3.141592653-2.6-1.40.22 (TeX Live 2021) (preloaded format=pdflatex 2021.5.24)  26 MAY 2021 15:48
entering extended mode
 restricted \write18 enabled.
 %&-line parsing enabled.
**EstatEcon.tex
(./EstatEcon.tex
LaTeX2e <2020-10-01> patch level 4
L3 programming layer <2021-05-11> (/usr/local/texlive/2021/texmf-dist/tex/latex
/base/book.cls
Document Class: book 2020/04/10 v1.4m Standard LaTeX document class
(/usr/local/texlive/2021/texmf-dist/tex/latex/base/bk10.clo
File: bk10.clo 2020/04/10 v1.4m Standard LaTeX file (size option)
)
\c@part=\count179
\c@chapter=\count180
\c@section=\count181
\c@subsection=\count182
\c@subsubsection=\count183
\c@paragraph=\count184
\c@subparagraph=\count185
\c@figure=\count186
\c@table=\count187
\abovecaptionskip=\skip47
\belowcaptionskip=\skip48
\bibindent=\dimen138
) (/usr/local/texlive/2021/texmf-dist/tex/latex/amsmath/amsmath.sty
Package: amsmath 2020/09/23 v2.17i AMS math features
\@mathmargin=\skip49
For additional information on amsmath, use the `?' option.
(/usr/local/texlive/2021/texmf-dist/tex/latex/amsmath/amstext.sty
Package: amstext 2000/06/29 v2.01 AMS text
(/usr/local/texlive/2021/texmf-dist/tex/latex/amsmath/amsgen.sty
File: amsgen.sty 1999/11/30 v2.0 generic functions
\@emptytoks=\toks15
\ex@=\dimen139
)) (/usr/local/texlive/2021/texmf-dist/tex/latex/amsmath/amsbsy.sty
Package: amsbsy 1999/11/29 v1.2d Bold Symbols
\pmbraise@=\dimen140
) (/usr/local/texlive/2021/texmf-dist/tex/latex/amsmath/amsopn.sty
Package: amsopn 2016/03/08 v2.02 operator names
)
\inf@bad=\count188
LaTeX Info: Redefining \frac on input line 234.
\uproot@=\count189
\leftroot@=\count190
LaTeX Info: Redefining \overline on input line 399.
\classnum@=\count191
\DOTSCASE@=\count192
LaTeX Info: Redefining \ldots on input line 496.
LaTeX Info: Redefining \dots on input line 499.
LaTeX Info: Redefining \cdots on input line 620.
\Mathstrutbox@=\box47
\strutbox@=\box48
\big@size=\dimen141
LaTeX Font Info:    Redeclaring font encoding OML on input line 743.
LaTeX Font Info:    Redeclaring font encoding OMS on input line 744.
\macc@depth=\count193
\c@MaxMatrixCols=\count194
\dotsspace@=\muskip16
\c@parentequation=\count195
\dspbrk@lvl=\count196
\tag@help=\toks16
\row@=\count197
\column@=\count198
\maxfields@=\count199
\andhelp@=\toks17
\eqnshift@=\dimen142
\alignsep@=\dimen143
\tagshift@=\dimen144
\tagwidth@=\dimen145
\totwidth@=\dimen146
\lineht@=\dimen147
\@envbody=\toks18
\multlinegap=\skip50
\multlinetaggap=\skip51
\mathdisplay@stack=\toks19
LaTeX Info: Redefining \[ on input line 2923.
LaTeX Info: Redefining \] on input line 2924.
) (/usr/local/texlive/2021/texmf-dist/tex/latex/amsfonts/amssymb.sty
Package: amssymb 2013/01/14 v3.01 AMS font symbols
(/usr/local/texlive/2021/texmf-dist/tex/latex/amsfonts/amsfonts.sty
Package: amsfonts 2013/01/14 v3.01 Basic AMSFonts support
\symAMSa=\mathgroup4
\symAMSb=\mathgroup5
LaTeX Font Info:    Redeclaring math symbol \hbar on input line 98.
LaTeX Font Info:    Overwriting math alphabet `\mathfrak' in version `bold'
(Font)                  U/euf/m/n --> U/euf/b/n on input line 106.
)) (/usr/local/texlive/2021/texmf-dist/tex/latex/lm/lmodern.sty
Package: lmodern 2015/05/01 v1.6.1 Latin Modern Fonts
LaTeX Font Info:    Overwriting symbol font `operators' in version `normal'
(Font)                  OT1/cmr/m/n --> OT1/lmr/m/n on input line 22.
LaTeX Font Info:    Overwriting symbol font `letters' in version `normal'
(Font)                  OML/cmm/m/it --> OML/lmm/m/it on input line 23.
LaTeX Font Info:    Overwriting symbol font `symbols' in version `normal'
(Font)                  OMS/cmsy/m/n --> OMS/lmsy/m/n on input line 24.
LaTeX Font Info:    Overwriting symbol font `largesymbols' in version `normal'
(Font)                  OMX/cmex/m/n --> OMX/lmex/m/n on input line 25.
LaTeX Font Info:    Overwriting symbol font `operators' in version `bold'
(Font)                  OT1/cmr/bx/n --> OT1/lmr/bx/n on input line 26.
LaTeX Font Info:    Overwriting symbol font `letters' in version `bold'
(Font)                  OML/cmm/b/it --> OML/lmm/b/it on input line 27.
LaTeX Font Info:    Overwriting symbol font `symbols' in version `bold'
(Font)                  OMS/cmsy/b/n --> OMS/lmsy/b/n on input line 28.
LaTeX Font Info:    Overwriting symbol font `largesymbols' in version `bold'
(Font)                  OMX/cmex/m/n --> OMX/lmex/m/n on input line 29.
LaTeX Font Info:    Overwriting math alphabet `\mathbf' in version `normal'
(Font)                  OT1/cmr/bx/n --> OT1/lmr/bx/n on input line 31.
LaTeX Font Info:    Overwriting math alphabet `\mathsf' in version `normal'
(Font)                  OT1/cmss/m/n --> OT1/lmss/m/n on input line 32.
LaTeX Font Info:    Overwriting math alphabet `\mathit' in version `normal'
(Font)                  OT1/cmr/m/it --> OT1/lmr/m/it on input line 33.
LaTeX Font Info:    Overwriting math alphabet `\mathtt' in version `normal'
(Font)                  OT1/cmtt/m/n --> OT1/lmtt/m/n on input line 34.
LaTeX Font Info:    Overwriting math alphabet `\mathbf' in version `bold'
(Font)                  OT1/cmr/bx/n --> OT1/lmr/bx/n on input line 35.
LaTeX Font Info:    Overwriting math alphabet `\mathsf' in version `bold'
(Font)                  OT1/cmss/bx/n --> OT1/lmss/bx/n on input line 36.
LaTeX Font Info:    Overwriting math alphabet `\mathit' in version `bold'
(Font)                  OT1/cmr/bx/it --> OT1/lmr/bx/it on input line 37.
LaTeX Font Info:    Overwriting math alphabet `\mathtt' in version `bold'
(Font)                  OT1/cmtt/m/n --> OT1/lmtt/m/n on input line 38.
) (/usr/local/texlive/2021/texmf-dist/tex/generic/iftex/ifxetex.sty
Package: ifxetex 2019/10/25 v0.7 ifxetex legacy package. Use iftex instead.
(/usr/local/texlive/2021/texmf-dist/tex/generic/iftex/iftex.sty
Package: iftex 2020/03/06 v1.0d TeX engine tests
)) (/usr/local/texlive/2021/texmf-dist/tex/generic/iftex/ifluatex.sty
Package: ifluatex 2019/10/25 v1.5 ifluatex legacy package. Use iftex instead.
) (/usr/local/texlive/2021/texmf-dist/tex/latex/base/fontenc.sty
Package: fontenc 2020/08/10 v2.0s Standard LaTeX package
LaTeX Font Info:    Trying to load font information for T1+lmr on input line 11
2.
(/usr/local/texlive/2021/texmf-dist/tex/latex/lm/t1lmr.fd
File: t1lmr.fd 2015/05/01 v1.6.1 Font defs for Latin Modern
)) (/usr/local/texlive/2021/texmf-dist/tex/latex/base/inputenc.sty
Package: inputenc 2020/08/01 v1.3d Input encoding file
\inpenc@prehook=\toks20
\inpenc@posthook=\toks21
) (/usr/local/texlive/2021/texmf-dist/tex/latex/base/textcomp.sty
Package: textcomp 2020/02/02 v2.0n Standard LaTeX package
) (/usr/local/texlive/2021/texmf-dist/tex/latex/upquote/upquote.sty
Package: upquote 2012/04/19 v1.3 upright-quote and grave-accent glyphs in verba
tim
) (/usr/local/texlive/2021/texmf-dist/tex/latex/microtype/microtype.sty
Package: microtype 2021/03/14 v2.8c Micro-typographical refinements (RS)
(/usr/local/texlive/2021/texmf-dist/tex/latex/graphics/keyval.sty
Package: keyval 2014/10/28 v1.15 key=value parser (DPC)
\KV@toks@=\toks22
)
\MT@toks=\toks23
\MT@count=\count266
LaTeX Info: Redefining \textls on input line 790.
\MT@outer@kern=\dimen148
LaTeX Info: Redefining \textmicrotypecontext on input line 1374.
\MT@listname@count=\count267
(/usr/local/texlive/2021/texmf-dist/tex/latex/microtype/microtype-pdftex.def
File: microtype-pdftex.def 2021/03/14 v2.8c Definitions specific to pdftex (RS)

LaTeX Info: Redefining \lsstyle on input line 915.
LaTeX Info: Redefining \lslig on input line 915.
\MT@outer@space=\skip52
)
Package microtype Info: Loading configuration file microtype.cfg.
(/usr/local/texlive/2021/texmf-dist/tex/latex/microtype/microtype.cfg
File: microtype.cfg 2021/03/14 v2.8c microtype main configuration file (RS)
)) (/usr/local/texlive/2021/texmf-dist/tex/latex/parskip/parskip.sty
Package: parskip 2021-03-14 v2.0h non-zero parskip adjustments
(/usr/local/texlive/2021/texmf-dist/tex/latex/kvoptions/kvoptions.sty
Package: kvoptions 2020-10-07 v3.14 Key value format for package options (HO)
(/usr/local/texlive/2021/texmf-dist/tex/generic/ltxcmds/ltxcmds.sty
Package: ltxcmds 2020-05-10 v1.25 LaTeX kernel commands for general use (HO)
) (/usr/local/texlive/2021/texmf-dist/tex/generic/kvsetkeys/kvsetkeys.sty
Package: kvsetkeys 2019/12/15 v1.18 Key value parser (HO)
)) (/usr/local/texlive/2021/texmf-dist/tex/latex/etoolbox/etoolbox.sty
Package: etoolbox 2020/10/05 v2.5k e-TeX tools for LaTeX (JAW)
\etb@tempcnta=\count268
)) (/usr/local/texlive/2021/texmf-dist/tex/latex/xcolor/xcolor.sty
Package: xcolor 2016/05/11 v2.12 LaTeX color extensions (UK)
(/usr/local/texlive/2021/texmf-dist/tex/latex/graphics-cfg/color.cfg
File: color.cfg 2016/01/02 v1.6 sample color configuration
)
Package xcolor Info: Driver file: pdftex.def on input line 225.
(/usr/local/texlive/2021/texmf-dist/tex/latex/graphics-def/pdftex.def
File: pdftex.def 2020/10/05 v1.2a Graphics/color driver for pdftex
)
Package xcolor Info: Model `cmy' substituted by `cmy0' on input line 1348.
Package xcolor Info: Model `hsb' substituted by `rgb' on input line 1352.
Package xcolor Info: Model `RGB' extended on input line 1364.
Package xcolor Info: Model `HTML' substituted by `rgb' on input line 1366.
Package xcolor Info: Model `Hsb' substituted by `hsb' on input line 1367.
Package xcolor Info: Model `tHsb' substituted by `hsb' on input line 1368.
Package xcolor Info: Model `HSB' substituted by `hsb' on input line 1369.
Package xcolor Info: Model `Gray' substituted by `gray' on input line 1370.
Package xcolor Info: Model `wave' substituted by `hsb' on input line 1371.
) (/usr/local/texlive/2021/texmf-dist/tex/latex/xurl/xurl.sty
Package: xurl 2020/12/30 v 0.09a modify URL breaks
(/usr/local/texlive/2021/texmf-dist/tex/latex/url/url.sty
\Urlmuskip=\muskip17
Package: url 2013/09/16  ver 3.4  Verb mode for urls, etc.
)) (/usr/local/texlive/2021/texmf-dist/tex/latex/bookmark/bookmark.sty
Package: bookmark 2020-11-06 v1.29 PDF bookmarks (HO)
(/usr/local/texlive/2021/texmf-dist/tex/latex/hyperref/hyperref.sty
Package: hyperref 2021-02-27 v7.00k Hypertext links for LaTeX
(/usr/local/texlive/2021/texmf-dist/tex/generic/pdftexcmds/pdftexcmds.sty
Package: pdftexcmds 2020-06-27 v0.33 Utility functions of pdfTeX for LuaTeX (HO
)
(/usr/local/texlive/2021/texmf-dist/tex/generic/infwarerr/infwarerr.sty
Package: infwarerr 2019/12/03 v1.5 Providing info/warning/error messages (HO)
)
Package pdftexcmds Info: \pdf@primitive is available.
Package pdftexcmds Info: \pdf@ifprimitive is available.
Package pdftexcmds Info: \pdfdraftmode found.
) (/usr/local/texlive/2021/texmf-dist/tex/generic/kvdefinekeys/kvdefinekeys.sty
Package: kvdefinekeys 2019-12-19 v1.6 Define keys (HO)
) (/usr/local/texlive/2021/texmf-dist/tex/generic/pdfescape/pdfescape.sty
Package: pdfescape 2019/12/09 v1.15 Implements pdfTeX's escape features (HO)
) (/usr/local/texlive/2021/texmf-dist/tex/latex/hycolor/hycolor.sty
Package: hycolor 2020-01-27 v1.10 Color options for hyperref/bookmark (HO)
) (/usr/local/texlive/2021/texmf-dist/tex/latex/letltxmacro/letltxmacro.sty
Package: letltxmacro 2019/12/03 v1.6 Let assignment for LaTeX macros (HO)
) (/usr/local/texlive/2021/texmf-dist/tex/latex/auxhook/auxhook.sty
Package: auxhook 2019-12-17 v1.6 Hooks for auxiliary files (HO)
)
\@linkdim=\dimen149
\Hy@linkcounter=\count269
\Hy@pagecounter=\count270
(/usr/local/texlive/2021/texmf-dist/tex/latex/hyperref/pd1enc.def
File: pd1enc.def 2021-02-27 v7.00k Hyperref: PDFDocEncoding definition (HO)
Now handling font encoding PD1 ...
... no UTF-8 mapping file for font encoding PD1
)
(/usr/local/texlive/2021/texmf-dist/tex/latex/hyperref/hyperref-langpatches.def
File: hyperref-langpatches.def 2021-02-27 v7.00k Hyperref: patches for babel la
nguages
) (/usr/local/texlive/2021/texmf-dist/tex/generic/intcalc/intcalc.sty
Package: intcalc 2019/12/15 v1.3 Expandable calculations with integers (HO)
) (/usr/local/texlive/2021/texmf-dist/tex/generic/etexcmds/etexcmds.sty
Package: etexcmds 2019/12/15 v1.7 Avoid name clashes with e-TeX commands (HO)
)
\Hy@SavedSpaceFactor=\count271
(/usr/local/texlive/2021/texmf-dist/tex/latex/hyperref/puenc.def
File: puenc.def 2021-02-27 v7.00k Hyperref: PDF Unicode definition (HO)
Now handling font encoding PU ...
... no UTF-8 mapping file for font encoding PU
)
Package hyperref Info: Option `unicode' set `true' on input line 4073.
Package hyperref Info: Hyper figures OFF on input line 4192.
Package hyperref Info: Link nesting OFF on input line 4197.
Package hyperref Info: Hyper index ON on input line 4200.
Package hyperref Info: Plain pages OFF on input line 4207.
Package hyperref Info: Backreferencing OFF on input line 4212.
Package hyperref Info: Implicit mode ON; LaTeX internals redefined.
Package hyperref Info: Bookmarks ON on input line 4445.
\c@Hy@tempcnt=\count272
LaTeX Info: Redefining \url on input line 4804.
\XeTeXLinkMargin=\dimen150
(/usr/local/texlive/2021/texmf-dist/tex/generic/bitset/bitset.sty
Package: bitset 2019/12/09 v1.3 Handle bit-vector datatype (HO)
(/usr/local/texlive/2021/texmf-dist/tex/generic/bigintcalc/bigintcalc.sty
Package: bigintcalc 2019/12/15 v1.5 Expandable calculations on big integers (HO
)
))
\Fld@menulength=\count273
\Field@Width=\dimen151
\Fld@charsize=\dimen152
Package hyperref Info: Hyper figures OFF on input line 6075.
Package hyperref Info: Link nesting OFF on input line 6080.
Package hyperref Info: Hyper index ON on input line 6083.
Package hyperref Info: backreferencing OFF on input line 6090.
Package hyperref Info: Link coloring OFF on input line 6095.
Package hyperref Info: Link coloring with OCG OFF on input line 6100.
Package hyperref Info: PDF/A mode OFF on input line 6105.
LaTeX Info: Redefining \ref on input line 6145.
LaTeX Info: Redefining \pageref on input line 6149.
(/usr/local/texlive/2021/texmf-dist/tex/latex/base/atbegshi-ltx.sty
Package: atbegshi-ltx 2020/08/17 v1.0a Emulation of the original atbegshi packa
ge
with kernel methods
)
\Hy@abspage=\count274
\c@Item=\count275
\c@Hfootnote=\count276
)
Package hyperref Info: Driver (autodetected): hpdftex.
(/usr/local/texlive/2021/texmf-dist/tex/latex/hyperref/hpdftex.def
File: hpdftex.def 2021-02-27 v7.00k Hyperref driver for pdfTeX
(/usr/local/texlive/2021/texmf-dist/tex/latex/base/atveryend-ltx.sty
Package: atveryend-ltx 2020/08/19 v1.0a Emulation of the original atvery packag
e
with kernel methods
)
\Fld@listcount=\count277
\c@bookmark@seq@number=\count278

(/usr/local/texlive/2021/texmf-dist/tex/latex/rerunfilecheck/rerunfilecheck.sty
Package: rerunfilecheck 2019/12/05 v1.9 Rerun checks for auxiliary files (HO)

(/usr/local/texlive/2021/texmf-dist/tex/generic/uniquecounter/uniquecounter.sty
Package: uniquecounter 2019/12/15 v1.4 Provide unlimited unique counter (HO)
)
Package uniquecounter Info: New unique counter `rerunfilecheck' on input line 2
86.
)
\Hy@SectionHShift=\skip53
) (/usr/local/texlive/2021/texmf-dist/tex/latex/bookmark/bkm-pdftex.def
File: bkm-pdftex.def 2020-11-06 v1.29 bookmark driver for pdfTeX (HO)
\BKM@id=\count279
)) (/usr/local/texlive/2021/texmf-dist/tex/latex/fancyvrb/fancyvrb.sty
Package: fancyvrb 2021/01/20 v3.7 verbatim text (tvz,hv)
\FV@CodeLineNo=\count280
\FV@InFile=\read2
\FV@TabBox=\box49
\c@FancyVerbLine=\count281
\FV@StepNumber=\count282
\FV@OutFile=\write3
) (/usr/local/texlive/2021/texmf-dist/tex/latex/framed/framed.sty
Package: framed 2011/10/22 v 0.96: framed or shaded text with page breaks
\OuterFrameSep=\skip54
\fb@frw=\dimen153
\fb@frh=\dimen154
\FrameRule=\dimen155
\FrameSep=\dimen156
) (/usr/local/texlive/2021/texmf-dist/tex/latex/tools/longtable.sty
Package: longtable 2020/01/07 v4.13 Multi-page Table package (DPC)
\LTleft=\skip55
\LTright=\skip56
\LTpre=\skip57
\LTpost=\skip58
\LTchunksize=\count283
\LTcapwidth=\dimen157
\LT@head=\box50
\LT@firsthead=\box51
\LT@foot=\box52
\LT@lastfoot=\box53
\LT@cols=\count284
\LT@rows=\count285
\c@LT@tables=\count286
\c@LT@chunks=\count287
\LT@p@ftn=\toks24
) (/usr/local/texlive/2021/texmf-dist/tex/latex/booktabs/booktabs.sty
Package: booktabs 2020/01/12 v1.61803398 Publication quality tables
\heavyrulewidth=\dimen158
\lightrulewidth=\dimen159
\cmidrulewidth=\dimen160
\belowrulesep=\dimen161
\belowbottomsep=\dimen162
\aboverulesep=\dimen163
\abovetopsep=\dimen164
\cmidrulesep=\dimen165
\cmidrulekern=\dimen166
\defaultaddspace=\dimen167
\@cmidla=\count288
\@cmidlb=\count289
\@aboverulesep=\dimen168
\@belowrulesep=\dimen169
\@thisruleclass=\count290
\@lastruleclass=\count291
\@thisrulewidth=\dimen170
) (/usr/local/texlive/2021/texmf-dist/tex/latex/tools/array.sty
Package: array 2020/10/01 v2.5c Tabular extension package (FMi)
\col@sep=\dimen171
\ar@mcellbox=\box54
\extrarowheight=\dimen172
\NC@list=\toks25
\extratabsurround=\skip59
\backup@length=\skip60
\ar@cellbox=\box55
) (/usr/local/texlive/2021/texmf-dist/tex/latex/tools/calc.sty
Package: calc 2017/05/25 v4.3 Infix arithmetic (KKT,FJ)
\calc@Acount=\count292
\calc@Bcount=\count293
\calc@Adimen=\dimen173
\calc@Bdimen=\dimen174
\calc@Askip=\skip61
\calc@Bskip=\skip62
LaTeX Info: Redefining \setlength on input line 80.
LaTeX Info: Redefining \addtolength on input line 81.
\calc@Ccount=\count294
\calc@Cskip=\skip63
) (/usr/local/texlive/2021/texmf-dist/tex/latex/footnotehyper/footnotehyper.sty
Package: footnotehyper 2021/02/04 v1.1d hyperref aware footnote.sty (JFB)
\FNH@notes=\box56
\FNH@width=\dimen175
\FNH@toks=\toks26
) (/usr/local/texlive/2021/texmf-dist/tex/latex/graphics/graphicx.sty
Package: graphicx 2020/09/09 v1.2b Enhanced LaTeX Graphics (DPC,SPQR)
(/usr/local/texlive/2021/texmf-dist/tex/latex/graphics/graphics.sty
Package: graphics 2020/08/30 v1.4c Standard LaTeX Graphics (DPC,SPQR)
(/usr/local/texlive/2021/texmf-dist/tex/latex/graphics/trig.sty
Package: trig 2016/01/03 v1.10 sin cos tan (DPC)
) (/usr/local/texlive/2021/texmf-dist/tex/latex/graphics-cfg/graphics.cfg
File: graphics.cfg 2016/06/04 v1.11 sample graphics configuration
)
Package graphics Info: Driver file: pdftex.def on input line 105.
)
\Gin@req@height=\dimen176
\Gin@req@width=\dimen177
) (/usr/local/texlive/2021/texmf-dist/tex/generic/babel/babel.sty
Package: babel 2021/05/16 3.59 The Babel package
(/usr/local/texlive/2021/texmf-dist/tex/generic/babel/babel.def
File: babel.def 2021/05/16 3.59 Babel common definitions
\babel@savecnt=\count295
\U@D=\dimen178
\l@unhyphenated=\language87
(/usr/local/texlive/2021/texmf-dist/tex/generic/babel/txtbabel.def)
\bbl@readstream=\read3
)
\bbl@dirlevel=\count296
(/usr/local/texlive/2021/texmf-dist/tex/generic/babel-portuges/brazil.ldf
Language: portuges 2021/02/04 v1.2s Portuguese support from the babel system
Package babel Info: Hyphen rules for 'brazil' set to \l@portuguese
(babel)             (\language70). Reported on input line 111.
Package babel Info: Making " an active character on input line 143.
)) (/usr/local/texlive/2021/texmf-dist/tex/latex/base/fontenc.sty
Package: fontenc 2020/08/10 v2.0s Standard LaTeX package
) (/usr/local/texlive/2021/texmf-dist/tex/latex/amscls/amsthm.sty
Package: amsthm 2020/05/29 v2.20.6
\thm@style=\toks27
\thm@bodyfont=\toks28
\thm@headfont=\toks29
\thm@notefont=\toks30
\thm@headpunct=\toks31
\thm@preskip=\skip64
\thm@postskip=\skip65
\thm@headsep=\skip66
\dth@everypar=\toks32
) (/usr/local/texlive/2021/texmf-dist/tex/latex/adjustbox/adjustbox.sty
Package: adjustbox 2020/08/19 v1.3 Adjusting TeX boxes (trim, clip, ...)
(/usr/local/texlive/2021/texmf-dist/tex/latex/xkeyval/xkeyval.sty
Package: xkeyval 2020/11/20 v2.8 package option processing (HA)
(/usr/local/texlive/2021/texmf-dist/tex/generic/xkeyval/xkeyval.tex (/usr/local
/texlive/2021/texmf-dist/tex/generic/xkeyval/xkvutils.tex
\XKV@toks=\toks33
\XKV@tempa@toks=\toks34
)
\XKV@depth=\count297
File: xkeyval.tex 2014/12/03 v2.7a key=value parser (HA)
)) (/usr/local/texlive/2021/texmf-dist/tex/latex/adjustbox/adjcalc.sty
Package: adjcalc 2012/05/16 v1.1 Provides advanced setlength with multiple back
-ends (calc, etex, pgfmath)
) (/usr/local/texlive/2021/texmf-dist/tex/latex/adjustbox/trimclip.sty
Package: trimclip 2020/08/19 v1.2 Trim and clip general TeX material
(/usr/local/texlive/2021/texmf-dist/tex/latex/collectbox/collectbox.sty
Package: collectbox 2012/05/17 v0.4b Collect macro arguments as boxes
\collectedbox=\box57
)
\tc@llx=\dimen179
\tc@lly=\dimen180
\tc@urx=\dimen181
\tc@ury=\dimen182
Package trimclip Info: Using driver 'tc-pdftex.def'.
(/usr/local/texlive/2021/texmf-dist/tex/latex/adjustbox/tc-pdftex.def
File: tc-pdftex.def 2019/01/04 v2.2 Clipping driver for pdftex
))
\adjbox@Width=\dimen183
\adjbox@Height=\dimen184
\adjbox@Depth=\dimen185
\adjbox@Totalheight=\dimen186
\adjbox@pwidth=\dimen187
\adjbox@pheight=\dimen188
\adjbox@pdepth=\dimen189
\adjbox@ptotalheight=\dimen190
(/usr/local/texlive/2021/texmf-dist/tex/latex/ifoddpage/ifoddpage.sty
Package: ifoddpage 2016/04/23 v1.1 Conditionals for odd/even page detection
\c@checkoddpage=\count298
) (/usr/local/texlive/2021/texmf-dist/tex/latex/varwidth/varwidth.sty
Package: varwidth 2009/03/30 ver 0.92;  Variable-width minipages
\@vwid@box=\box58
\sift@deathcycles=\count299
\@vwid@loff=\dimen191
\@vwid@roff=\dimen192
)) (/usr/local/texlive/2021/texmf-dist/tex/latex/mathtools/mathtools.sty
Package: mathtools 2021/04/12 v1.27 mathematical typesetting tools
(/usr/local/texlive/2021/texmf-dist/tex/latex/mathtools/mhsetup.sty
Package: mhsetup 2021/03/18 v1.4 programming setup (MH)
)
LaTeX Info: Thecontrolsequence`\('isalreadyrobust on input line 130.
LaTeX Info: Thecontrolsequence`\)'isalreadyrobust on input line 130.
LaTeX Info: Thecontrolsequence`\['isalreadyrobust on input line 130.
LaTeX Info: Thecontrolsequence`\]'isalreadyrobust on input line 130.
\g_MT_multlinerow_int=\count300
\l_MT_multwidth_dim=\dimen193
\origjot=\skip67
\l_MT_shortvdotswithinadjustabove_dim=\dimen194
\l_MT_shortvdotswithinadjustbelow_dim=\dimen195
\l_MT_above_intertext_sep=\dimen196
\l_MT_below_intertext_sep=\dimen197
\l_MT_above_shortintertext_sep=\dimen198
\l_MT_below_shortintertext_sep=\dimen199
\xmathstrut@box=\box59
\xmathstrut@dim=\dimen256
) (/usr/local/texlive/2021/texmf-dist/tex/latex/tools/bm.sty
Package: bm 2019/07/24 v1.2d Bold Symbol Support (DPC/FMi)
\symboldoperators=\mathgroup6
\symboldletters=\mathgroup7
\symboldsymbols=\mathgroup8
LaTeX Font Info:    Redeclaring math alphabet \mathbf on input line 141.
LaTeX Info: Redefining \bm on input line 209.
) (/usr/local/texlive/2021/texmf-dist/tex/latex/cool/cool.sty
Package: cool 2006/12/29 v1.35 COntent Oriented LaTeX
(/usr/local/texlive/2021/texmf-dist/tex/latex/base/ifthen.sty
Package: ifthen 2014/09/29 v1.1c Standard LaTeX ifthen package (DPC)
) (/usr/local/texlive/2021/texmf-dist/tex/latex/coollist/coollist.sty
Package: coollist 2009/09/20 v1.4 COntent Oriented LaTeX Lists
(/usr/local/texlive/2021/texmf-dist/tex/latex/coolstr/coolstr.sty
Package: coolstr 2009/09/09 v2.2 COntent Oriented LaTeX Strings
\c@COOL@strlen=\count301
\c@COOL@strpointer=\count302
\c@COOL@str@index=\count303
\c@COOL@str@start=\count304
\c@COOL@str@end=\count305
) (/usr/local/texlive/2021/texmf-dist/tex/latex/forloop/forloop.sty
Package: forloop 2006/09/18 v3.0 For Loops for LaTeX
)
\c@COOL@listlen=\count306
\c@COOL@listpointer=\count307
\c@COOL@intsum=\count308
\c@COOL@register@ct=\count309
\c@COOL@register@len=\count310
) (/usr/local/texlive/2021/texmf-dist/tex/latex/bbm-macros/bbm.sty
Package: bbm 1999/03/15 V 1.2 provides fonts for set symbols - TH
LaTeX Font Info:    Overwriting math alphabet `\mathbbm' in version `bold'
(Font)                  U/bbm/m/n --> U/bbm/bx/n on input line 33.
LaTeX Font Info:    Overwriting math alphabet `\mathbbmss' in version `bold'
(Font)                  U/bbmss/m/n --> U/bbmss/bx/n on input line 35.
)
\c@COOL@ct=\count311
\c@COOL@ct@=\count312
\c@COOL@multideriv=\count313
\c@COOL@row=\count314
\c@COOL@col=\count315
) (/usr/local/texlive/2021/texmf-dist/tex/latex/natbib/natbib.sty
Package: natbib 2010/09/13 8.31b (PWD, AO)
\bibhang=\skip68
\bibsep=\skip69
LaTeX Info: Redefining \cite on input line 694.
\c@NAT@ctr=\count316
) (/usr/local/texlive/2021/texmf-dist/tex/latex/import/import.sty
Package: import 2020/04/01  v 6.2
) (/usr/local/texlive/2021/texmf-dist/tex/latex/float/float.sty
Package: float 2001/11/08 v1.3d Float enhancements (AL)
\c@float@type=\count317
\float@exts=\toks35
\float@box=\box60
\@float@everytoks=\toks36
\@floatcapt=\box61
) (/usr/local/texlive/2021/texmf-dist/tex/latex/siunitx/siunitx.sty
Package: siunitx 2021-05-21 v3.0.4 A comprehensive (SI) units package
\l__siunitx_angle_tmp_dim=\dimen257
\l__siunitx_angle_marker_box=\box62
\l__siunitx_angle_unit_box=\box63
\l__siunitx_compound_count_int=\count318
(/usr/local/texlive/2021/texmf-dist/tex/latex/translations/translations.sty
Package: translations 2021/01/17 v1.10a internationalization of LaTeX2e package
s (CN)
)
\l__siunitx_number_exponent_fixed_int=\count319
\l__siunitx_number_min_decimal_int=\count320
\l__siunitx_number_min_integer_int=\count321
\l__siunitx_number_round_precision_int=\count322
\l__siunitx_number_group_minimum_int=\count323
\l__siunitx_print_tmp_box=\box64
\l__siunitx_table_tmp_box=\box65
\l__siunitx_table_tmp_dim=\dimen258
\l__siunitx_table_column_width_dim=\dimen259
\l__siunitx_table_integer_box=\box66
\l__siunitx_table_decimal_box=\box67
\l__siunitx_table_before_box=\box68
\l__siunitx_table_after_box=\box69
\l__siunitx_table_carry_dim=\dimen260
\l__siunitx_unit_tmp_int=\count324
\l__siunitx_unit_position_int=\count325
\l__siunitx_unit_total_int=\count326
(/usr/local/texlive/2021/texmf-dist/tex/latex/l3packages/l3keys2e/l3keys2e.sty 
(/usr/local/texlive/2021/texmf-dist/tex/latex/l3kernel/expl3.sty
Package: expl3 2021-05-11 L3 programming layer (loader) 
(/usr/local/texlive/2021/texmf-dist/tex/latex/l3backend/l3backend-pdftex.def
File: l3backend-pdftex.def 2021-05-07 L3 backend support: PDF output (pdfTeX)
\l__color_backend_stack_int=\count327
\l__pdf_internal_box=\box70
))
Package: l3keys2e 2021-05-07 LaTeX2e option processing using LaTeX3 keys
)

LaTeX3 Info: Defining command \DeclareBinaryPrefix with sig. '+mmm' on line
(LaTeX3)     6937.


LaTeX3 Info: Defining command \DeclareSIPrePower with sig. '+mm' on line 6942.


LaTeX3 Info: Defining command \DeclareSIPostPower with sig. '+mm' on line
(LaTeX3)     6947.


LaTeX3 Info: Defining command \si with sig. 'O{}m' on line 6956.


LaTeX3 Info: Defining command \SI with sig. 'O{}mom' on line 6970.


LaTeX3 Info: Defining command \SIlist with sig. 'O{}>{\SplitList
(LaTeX3)     {;}}m>{\TrimSpaces }m' on line 6980.


LaTeX3 Info: Defining command \SIrange with sig. 'O{}mm>{\TrimSpaces }m' on
(LaTeX3)     line 6989.


LaTeX3 Info: Defining command \DeclareSIPower with sig. '+m+mm' on line 7100.


LaTeX3 Info: Defining command \DeclareSIPrefix with sig. '+mmm' on line 7104.


LaTeX3 Info: Defining command \DeclareSIQualifier with sig. '+mm' on line
(LaTeX3)     7108.


LaTeX3 Info: Defining command \DeclareSIUnit with sig. 'o+mm' on line 7114.


LaTeX3 Info: Defining command \qty with sig. 'O{}m>{\TrimSpaces }m' on line
(LaTeX3)     7134.


LaTeX3 Info: Defining command \ang with sig. 'O{}>{\SplitArgument {2}{;}}m' on
(LaTeX3)     line 7142.


LaTeX3 Info: Defining command \num with sig. 'O{}m' on line 7151.


LaTeX3 Info: Defining command \unit with sig. 'O{}>{\TrimSpaces }m' on line
(LaTeX3)     7161.


LaTeX3 Info: Defining command \qtylist with sig. 'O{}>{\SplitList
(LaTeX3)     {;}}m>{\TrimSpaces }m' on line 7171.


LaTeX3 Info: Defining command \numlist with sig. 'O{}>{\SplitList {;}}m' on
(LaTeX3)     line 7179.


LaTeX3 Info: Defining command \qtyproduct with sig. 'O{}>{\SplitList
(LaTeX3)     {x}}m>{\TrimSpaces }m' on line 7189.


LaTeX3 Info: Defining command \numproduct with sig. 'O{}>{\SplitList
(LaTeX3)     {x}}>{\TrimSpaces }m' on line 7198.


LaTeX3 Info: Defining command \qtyrange with sig. 'O{}mm>{\TrimSpaces }m' on
(LaTeX3)     line 7207.


LaTeX3 Info: Defining command \numrange with sig. 'O{}mm' on line 7215.


LaTeX3 Info: Defining command \complexnum with sig. 'O{}m' on line 7223.


LaTeX3 Info: Defining command \complexqty with sig. 'O{}mm' on line 7232.


LaTeX3 Info: Defining command \tablenum with sig. 'O{}m' on line 7242.


LaTeX3 Info: Defining command \sisetup with sig. 'm' on line 7244.


LaTeX3 Info: Defining command \qty (pdfstring context) with sig. 'omm' on line
(LaTeX3)     7311.


LaTeX3 Info: Defining command \ang (pdfstring context) with sig. 'm' on line
(LaTeX3)     7312.


LaTeX3 Info: Defining command \num (pdfstring context) with sig. 'om' on line
(LaTeX3)     7313.


LaTeX3 Info: Defining command \unit (pdfstring context) with sig. 'om' on line
(LaTeX3)     7314.


LaTeX3 Info: Defining command \numlist (pdfstring context) with sig. 'om' on
(LaTeX3)     line 7321.


LaTeX3 Info: Defining command \qtylist (pdfstring context) with sig. 'omm' on
(LaTeX3)     line 7328.


LaTeX3 Info: Defining command \numproduct (pdfstring context) with sig. 'om'
(LaTeX3)     on line 7329.


LaTeX3 Info: Defining command \qtyproduct (pdfstring context) with sig. 'omm'
(LaTeX3)     on line 7330.


LaTeX3 Info: Defining command \numrange (pdfstring context) with sig. 'omm' on
(LaTeX3)     line 7332.


LaTeX3 Info: Defining command \qtyrange (pdfstring context) with sig. 'ommm'
(LaTeX3)     on line 7334.


LaTeX3 Info: Defining command \si (pdfstring context) with sig. 'om' on line
(LaTeX3)     7335.


LaTeX3 Info: Defining command \SI (pdfstring context) with sig. 'omO{}m' on
(LaTeX3)     line 7336.


LaTeX3 Info: Defining command \SIlist (pdfstring context) with sig. 'omm' on
(LaTeX3)     line 7343.


LaTeX3 Info: Defining command \SIrange (pdfstring context) with sig. 'ommm' on
(LaTeX3)     line 7345.

) (./EstatEcon.aux)
\openout1 = `EstatEcon.aux'.

LaTeX Font Info:    Checking defaults for OML/cmm/m/it on input line 130.
LaTeX Font Info:    ... okay on input line 130.
LaTeX Font Info:    Checking defaults for OMS/cmsy/m/n on input line 130.
LaTeX Font Info:    ... okay on input line 130.
LaTeX Font Info:    Checking defaults for OT1/cmr/m/n on input line 130.
LaTeX Font Info:    ... okay on input line 130.
LaTeX Font Info:    Checking defaults for T1/cmr/m/n on input line 130.
LaTeX Font Info:    ... okay on input line 130.
LaTeX Font Info:    Checking defaults for TS1/cmr/m/n on input line 130.
LaTeX Font Info:    ... okay on input line 130.
LaTeX Font Info:    Checking defaults for OMX/cmex/m/n on input line 130.
LaTeX Font Info:    ... okay on input line 130.
LaTeX Font Info:    Checking defaults for U/cmr/m/n on input line 130.
LaTeX Font Info:    ... okay on input line 130.
LaTeX Font Info:    Checking defaults for PD1/pdf/m/n on input line 130.
LaTeX Font Info:    ... okay on input line 130.
LaTeX Font Info:    Checking defaults for PU/pdf/m/n on input line 130.
LaTeX Font Info:    ... okay on input line 130.
LaTeX Info: Redefining \microtypecontext on input line 130.
Package microtype Info: Generating PDF output.
Package microtype Info: Character protrusion enabled (level 2).
Package microtype Info: Using protrusion set `basicmath'.
Package microtype Info: Automatic font expansion enabled (level 2),
(microtype)             stretch: 20, shrink: 20, step: 1, non-selected.
Package microtype Info: Using default expansion set `alltext-nott'.
LaTeX Info: Redefining \showhyphens on input line 130.
Package microtype Info: No adjustment of tracking.
Package microtype Info: No adjustment of interword spacing.
Package microtype Info: No adjustment of character kerning.
(/usr/local/texlive/2021/texmf-dist/tex/latex/microtype/mt-cmr.cfg
File: mt-cmr.cfg 2013/05/19 v2.2 microtype config. file: Computer Modern Roman 
(RS)
) (/usr/local/texlive/2021/texmf-dist/tex/context/base/mkii/supp-pdf.mkii
[Loading MPS to PDF converter (version 2006.09.02).]
\scratchcounter=\count328
\scratchdimen=\dimen261
\scratchbox=\box71
\nofMPsegments=\count329
\nofMParguments=\count330
\everyMPshowfont=\toks37
\MPscratchCnt=\count331
\MPscratchDim=\dimen262
\MPnumerator=\count332
\makeMPintoPDFobject=\count333
\everyMPtoPDFconversion=\toks38
) (/usr/local/texlive/2021/texmf-dist/tex/latex/epstopdf-pkg/epstopdf-base.sty
Package: epstopdf-base 2020-01-24 v2.11 Base part for package epstopdf
Package epstopdf-base Info: Redefining graphics rule for `.eps' on input line 4
85.
(/usr/local/texlive/2021/texmf-dist/tex/latex/latexconfig/epstopdf-sys.cfg
File: epstopdf-sys.cfg 2010/07/13 v1.3 Configuration of (r)epstopdf for TeX Liv
e
))
Package hyperref Info: Link coloring OFF on input line 130.
(/usr/local/texlive/2021/texmf-dist/tex/latex/hyperref/nameref.sty
Package: nameref 2021-04-02 v2.47 Cross-referencing by name of section
(/usr/local/texlive/2021/texmf-dist/tex/latex/refcount/refcount.sty
Package: refcount 2019/12/15 v3.6 Data extraction from label references (HO)
)
(/usr/local/texlive/2021/texmf-dist/tex/generic/gettitlestring/gettitlestring.s
ty
Package: gettitlestring 2019/12/15 v1.6 Cleanup title references (HO)
)
\c@section@level=\count334
)
LaTeX Info: Redefining \ref on input line 130.
LaTeX Info: Redefining \pageref on input line 130.
LaTeX Info: Redefining \nameref on input line 130.

(/usr/local/texlive/2021/texmf-dist/tex/latex/translations/translations-basic-d
ictionary-brazil.trsl
File: translations-basic-dictionary-brazil.trsl (brazil translation file `trans
lations-basic-dictionary')
)
Package translations Info: loading dictionary `translations-basic-dictionary' f
or `brazil'. on input line 130.
LaTeX Font Info:    Trying to load font information for OT1+lmr on input line 1
30.
(/usr/local/texlive/2021/texmf-dist/tex/latex/lm/ot1lmr.fd
File: ot1lmr.fd 2015/05/01 v1.6.1 Font defs for Latin Modern
)
LaTeX Font Info:    Trying to load font information for OML+lmm on input line 1
30.
(/usr/local/texlive/2021/texmf-dist/tex/latex/lm/omllmm.fd
File: omllmm.fd 2015/05/01 v1.6.1 Font defs for Latin Modern
)
LaTeX Font Info:    Trying to load font information for OMS+lmsy on input line 
130.
(/usr/local/texlive/2021/texmf-dist/tex/latex/lm/omslmsy.fd
File: omslmsy.fd 2015/05/01 v1.6.1 Font defs for Latin Modern
)
LaTeX Font Info:    Trying to load font information for OMX+lmex on input line 
130.
(/usr/local/texlive/2021/texmf-dist/tex/latex/lm/omxlmex.fd
File: omxlmex.fd 2015/05/01 v1.6.1 Font defs for Latin Modern
)
LaTeX Font Info:    External font `lmex10' loaded for size
(Font)              <10> on input line 130.
LaTeX Font Info:    External font `lmex10' loaded for size
(Font)              <7> on input line 130.
LaTeX Font Info:    External font `lmex10' loaded for size
(Font)              <5> on input line 130.
LaTeX Font Info:    Trying to load font information for U+msa on input line 130
.
(/usr/local/texlive/2021/texmf-dist/tex/latex/amsfonts/umsa.fd
File: umsa.fd 2013/01/14 v3.01 AMS symbols A
) (/usr/local/texlive/2021/texmf-dist/tex/latex/microtype/mt-msa.cfg
File: mt-msa.cfg 2006/02/04 v1.1 microtype config. file: AMS symbols (a) (RS)
)
LaTeX Font Info:    Trying to load font information for U+msb on input line 130
.
(/usr/local/texlive/2021/texmf-dist/tex/latex/amsfonts/umsb.fd
File: umsb.fd 2013/01/14 v3.01 AMS symbols B
) (/usr/local/texlive/2021/texmf-dist/tex/latex/microtype/mt-msb.cfg
File: mt-msb.cfg 2005/06/01 v1.0 microtype config. file: AMS symbols (b) (RS)
)
LaTeX Font Info:    Trying to load font information for OT1+lmss on input line 
130.
(/usr/local/texlive/2021/texmf-dist/tex/latex/lm/ot1lmss.fd
File: ot1lmss.fd 2015/05/01 v1.6.1 Font defs for Latin Modern
)
Package microtype Info: Loading generic protrusion settings for font family
(microtype)             `lmss' (encoding: OT1).
(microtype)             For optimal results, create family-specific settings.
(microtype)             See the microtype manual for details.
LaTeX Font Info:    Trying to load font information for OT1+lmtt on input line 
130.
(/usr/local/texlive/2021/texmf-dist/tex/latex/lm/ot1lmtt.fd
File: ot1lmtt.fd 2015/05/01 v1.6.1 Font defs for Latin Modern
)
LaTeX Font Info:    External font `lmex10' loaded for size
(Font)              <12> on input line 132.
LaTeX Font Info:    External font `lmex10' loaded for size
(Font)              <8> on input line 132.
LaTeX Font Info:    External font `lmex10' loaded for size
(Font)              <6> on input line 132.
[1


{/usr/local/texlive/2021/texmf-var/fonts/map/pdftex/updmap/pdftex.map}] [2

] (./EstatEcon.toc [3])
\tf@toc=\write4
\openout4 = `EstatEcon.toc'.

[4] [5

] [6

] [7] [8

] [9] [10

]
Cap\'{\i }tulo 1.
LaTeX Font Info:    Trying to load font information for TS1+lmr on input line 1
73.
(/usr/local/texlive/2021/texmf-dist/tex/latex/lm/ts1lmr.fd
File: ts1lmr.fd 2015/05/01 v1.6.1 Font defs for Latin Modern
) [11]
LaTeX Font Info:    Trying to load font information for T1+lmtt on input line 2
00.
(/usr/local/texlive/2021/texmf-dist/tex/latex/lm/t1lmtt.fd
File: t1lmtt.fd 2015/05/01 v1.6.1 Font defs for Latin Modern
) [12] [13] [14] [15] [16] [17] [18] [19]
LaTeX Font Info:    Font shape `T1/lmtt/bx/n' in size <10> not available
(Font)              Font shape `T1/lmtt/b/n' tried instead on input line 815.
[20] [21]
Underfull \vbox (badness 10000) has occurred while \output is active []

[22] [23] [24] [25] [26] [27]
<EstatEcon_files/figure-latex/histograma12-1.pdf, id=333, 276.03125pt x 246.922
5pt>
File: EstatEcon_files/figure-latex/histograma12-1.pdf Graphic file (type pdf)
<use EstatEcon_files/figure-latex/histograma12-1.pdf>
Package pdftex.def Info: EstatEcon_files/figure-latex/histograma12-1.pdf  used 
on input line 1236.
(pdftex.def)             Requested size: 276.03056pt x 246.92188pt.
[28 <./EstatEcon_files/figure-latex/histograma12-1.pdf>] [29]
<EstatEcon_files/figure-latex/diagrama de caixa12-1.pdf, id=355, 253.94875pt x 
249.93375pt>
File: EstatEcon_files/figure-latex/diagrama de caixa12-1.pdf Graphic file (type
 pdf)
<use EstatEcon_files/figure-latex/diagrama de caixa12-1.pdf>
Package pdftex.def Info: EstatEcon_files/figure-latex/diagrama de caixa12-1.pdf
  used on input line 1353.
(pdftex.def)             Requested size: 253.95586pt x 249.94075pt.

Underfull \vbox (badness 10000) has occurred while \output is active []

[30] [31 <./EstatEcon_files/figure-latex/diagrama de caixa12-1.pdf>] [32] [33] 
[34

]
Cap\'{\i }tulo 2.
[35]
<EstatEcon_files/figure-latex/CurvaLorenzR-1.pdf, id=405, 262.9825pt x 248.93pt
>
File: EstatEcon_files/figure-latex/CurvaLorenzR-1.pdf Graphic file (type pdf)
<use EstatEcon_files/figure-latex/CurvaLorenzR-1.pdf>
Package pdftex.def Info: EstatEcon_files/figure-latex/CurvaLorenzR-1.pdf  used 
on input line 1581.
(pdftex.def)             Requested size: 262.98584pt x 248.93317pt.

LaTeX Warning: Reference `fig:CurvaLorenzR' on page 36 undefined on input line 
1582.


Underfull \hbox (badness 2334) in paragraph at lines 1581--1583
[][] \T1/lmr/m/n/10 (+20) Con-si-de-rando a
 []


Underfull \vbox (badness 10000) has occurred while \output is active []

[36]
<lorenz3.png, id=412, 1286.8075pt x 794.97pt>
File: lorenz3.png Graphic file (type png)
<use lorenz3.png>
Package pdftex.def Info: lorenz3.png  used on input line 1592.
(pdftex.def)             Requested size: 344.98828pt x 213.12848pt.

Underfull \vbox (badness 3965) has occurred while \output is active []

[37pdfTeX warning (ext4): destination with the same identifier (name{figure.2.1
}) has been already used, duplicate ignored
<argument> ...shipout:D \box_use:N \l_shipout_box 
                                                  
l.1600 
        <./EstatEcon_files/figure-latex/CurvaLorenzR-1.pdf> <./lorenz3.png>] [3
8] [39] [40] [41] [42] [43] [44] [45] [46] [47] [48] [49]
Overfull \hbox (49.17578pt too wide) detected at line 2269
\OML/lmm/m/it/10 h\OT1/lmr/m/n/10 (\OML/lmm/m/it/10 x[]\OT1/lmr/m/n/10 ) \OMS/l
msy/m/n/10 ^^@ \OML/lmm/m/it/10 h\OT1/lmr/m/n/10 (\OML/lmm/m/it/10 y[]\OT1/lmr/
m/n/10 ) = [] [] \OMS/lmsy/m/n/10 ^^@ [] [] \OT1/lmr/m/n/10 = [] [] + [] [][] =
 [] [] = [] [] = 0\OML/lmm/m/it/10 ; \OT1/lmr/m/n/10 4436 []\OML/lmm/m/it/10 :
 []

[50] [51] [52] [53] [54] [55] [56

]
Cap\'{\i }tulo 3.
[57] [58] [59] [60] [61] [62] [63]
Underfull \vbox (badness 10000) has occurred while \output is active []

[64] [65] [66] [67] [68] [69] [70]
Cap\'{\i }tulo 4.
[71

] [72] [73] [74] [75] [76]
Underfull \vbox (badness 1478) has occurred while \output is active []

[77] [78]
Underfull \vbox (badness 2213) has occurred while \output is active []

[79] [80] [81] [82] [83] [84] [85] [86]
Cap\'{\i }tulo 5.
[87

]
<EstatEcon_files/figure-latex/DistribuicaoUniformeContinua-1.pdf, id=895, 279.0
425pt x 277.035pt>
File: EstatEcon_files/figure-latex/DistribuicaoUniformeContinua-1.pdf Graphic f
ile (type pdf)
<use EstatEcon_files/figure-latex/DistribuicaoUniformeContinua-1.pdf>
Package pdftex.def Info: EstatEcon_files/figure-latex/DistribuicaoUniformeConti
nua-1.pdf  used on input line 4173.
(pdftex.def)             Requested size: 279.04181pt x 277.03432pt.
[88] [89pdfTeX warning (ext4): destination with the same identifier (name{figur
e.5.1}) has been already used, duplicate ignored
<argument> ...shipout:D \box_use:N \l_shipout_box 
                                                  
l.4190 
        <./EstatEcon_files/figure-latex/DistribuicaoUniformeContinua-1.pdf>] [9
0] [91] [92] [93] [94] [95] [96] [97]
<EstatEcon_files/figure-latex/graficobinomial1-1.pdf, id=968, 279.0425pt x 280.
04625pt>
File: EstatEcon_files/figure-latex/graficobinomial1-1.pdf Graphic file (type pd
f)
<use EstatEcon_files/figure-latex/graficobinomial1-1.pdf>
Package pdftex.def Info: EstatEcon_files/figure-latex/graficobinomial1-1.pdf  u
sed on input line 4674.
(pdftex.def)             Requested size: 279.05032pt x 280.0541pt.

Underfull \vbox (badness 10000) has occurred while \output is active []

[98]
<EstatEcon_files/figure-latex/graficobinomial2-1.pdf, id=976, 279.0425pt x 280.
04625pt>
File: EstatEcon_files/figure-latex/graficobinomial2-1.pdf Graphic file (type pd
f)
<use EstatEcon_files/figure-latex/graficobinomial2-1.pdf>
Package pdftex.def Info: EstatEcon_files/figure-latex/graficobinomial2-1.pdf  u
sed on input line 4676.
(pdftex.def)             Requested size: 279.05032pt x 280.0541pt.

Underfull \vbox (badness 10000) has occurred while \output is active []

[99 <./EstatEcon_files/figure-latex/graficobinomial1-1.pdf>]
<EstatEcon_files/figure-latex/graficobinomial3-1.pdf, id=988, 279.0425pt x 280.
04625pt>
File: EstatEcon_files/figure-latex/graficobinomial3-1.pdf Graphic file (type pd
f)
<use EstatEcon_files/figure-latex/graficobinomial3-1.pdf>
Package pdftex.def Info: EstatEcon_files/figure-latex/graficobinomial3-1.pdf  u
sed on input line 4678.
(pdftex.def)             Requested size: 279.05032pt x 280.0541pt.

Underfull \vbox (badness 10000) has occurred while \output is active []

[100 <./EstatEcon_files/figure-latex/graficobinomial2-1.pdf>]
<EstatEcon_files/figure-latex/graficobinomia5-1.pdf, id=1000, 279.0425pt x 280.
04625pt>
File: EstatEcon_files/figure-latex/graficobinomia5-1.pdf Graphic file (type pdf
)
<use EstatEcon_files/figure-latex/graficobinomia5-1.pdf>
Package pdftex.def Info: EstatEcon_files/figure-latex/graficobinomia5-1.pdf  us
ed on input line 4680.
(pdftex.def)             Requested size: 279.05032pt x 280.0541pt.
<EstatEcon_files/figure-latex/graficobinomial10-1.pdf, id=1001, 279.0425pt x 28
0.04625pt>
File: EstatEcon_files/figure-latex/graficobinomial10-1.pdf Graphic file (type p
df)
<use EstatEcon_files/figure-latex/graficobinomial10-1.pdf>
Package pdftex.def Info: EstatEcon_files/figure-latex/graficobinomial10-1.pdf  
used on input line 4684.
(pdftex.def)             Requested size: 279.05032pt x 280.0541pt.

Underfull \vbox (badness 10000) has occurred while \output is active []

[101 <./EstatEcon_files/figure-latex/graficobinomial3-1.pdf>]
<EstatEcon_files/figure-latex/DistribuicaoNormal0-1.pdf, id=1015, 283.0575pt x 
277.035pt>
File: EstatEcon_files/figure-latex/DistribuicaoNormal0-1.pdf Graphic file (type
 pdf)
<use EstatEcon_files/figure-latex/DistribuicaoNormal0-1.pdf>
Package pdftex.def Info: EstatEcon_files/figure-latex/DistribuicaoNormal0-1.pdf
  used on input line 4692.
(pdftex.def)             Requested size: 283.0568pt x 277.03432pt.
[102 <./EstatEcon_files/figure-latex/graficobinomia5-1.pdf>] [103pdfTeX warning
 (ext4): destination with the same identifier (name{figure.5.2}) has been alrea
dy used, duplicate ignored
<argument> ...shipout:D \box_use:N \l_shipout_box 
                                                  
l.4712 
        <./EstatEcon_files/figure-latex/graficobinomial10-1.pdf>] [104pdfTeX wa
rning (ext4): destination with the same identifier (name{figure.5.3}) has been 
already used, duplicate ignored
<argument> ...shipout:D \box_use:N \l_shipout_box 
                                                  
l.4712 
        <./EstatEcon_files/figure-latex/DistribuicaoNormal0-1.pdf>] [105]

LaTeX Warning: Reference `fig:ExemploDistribuicaoNormalPadronizada1' on page 10
6 undefined on input line 4770.

<EstatEcon_files/figure-latex/ExemploDistribuicaoNormalPadronizada1-1.pdf, id=1
058, 279.0425pt x 277.035pt>
File: EstatEcon_files/figure-latex/ExemploDistribuicaoNormalPadronizada1-1.pdf 
Graphic file (type pdf)
<use EstatEcon_files/figure-latex/ExemploDistribuicaoNormalPadronizada1-1.pdf>
Package pdftex.def Info: EstatEcon_files/figure-latex/ExemploDistribuicaoNormal
Padronizada1-1.pdf  used on input line 4772.
(pdftex.def)             Requested size: 279.04181pt x 277.03432pt.

Underfull \vbox (badness 10000) has occurred while \output is active []

[106]
<EstatEcon_files/figure-latex/ExemploDistribuicaoNormalPadronizada2-1.pdf, id=1
064, 279.0425pt x 277.035pt>
File: EstatEcon_files/figure-latex/ExemploDistribuicaoNormalPadronizada2-1.pdf 
Graphic file (type pdf)
<use EstatEcon_files/figure-latex/ExemploDistribuicaoNormalPadronizada2-1.pdf>
Package pdftex.def Info: EstatEcon_files/figure-latex/ExemploDistribuicaoNormal
Padronizada2-1.pdf  used on input line 4791.
(pdftex.def)             Requested size: 279.04181pt x 277.03432pt.
[107 <./EstatEcon_files/figure-latex/ExemploDistribuicaoNormalPadronizada1-1.pd
f>] [108pdfTeX warning (ext4): destination with the same identifier (name{figur
e.5.4}) has been already used, duplicate ignored
<argument> ...shipout:D \box_use:N \l_shipout_box 
                                                  
l.4799 \]
          <./EstatEcon_files/figure-latex/ExemploDistribuicaoNormalPadronizada2
-1.pdf>] [109]
<EstatEcon_files/figure-latex/ExemploDistribuicaoNormalPadronizada3-1.pdf, id=1
100, 279.0425pt x 277.035pt>
File: EstatEcon_files/figure-latex/ExemploDistribuicaoNormalPadronizada3-1.pdf 
Graphic file (type pdf)
<use EstatEcon_files/figure-latex/ExemploDistribuicaoNormalPadronizada3-1.pdf>
Package pdftex.def Info: EstatEcon_files/figure-latex/ExemploDistribuicaoNormal
Padronizada3-1.pdf  used on input line 4924.
(pdftex.def)             Requested size: 279.04181pt x 277.03432pt.
[110] [111pdfTeX warning (ext4): destination with the same identifier (name{fig
ure.5.5}) has been already used, duplicate ignored
<argument> ...shipout:D \box_use:N \l_shipout_box 
                                                  
l.4940 \]
          <./EstatEcon_files/figure-latex/ExemploDistribuicaoNormalPadronizada3
-1.pdf>] [112]

LaTeX Warning: Reference `fig:ExemploDistribuicaoNormalPadronizada4' on page 11
3 undefined on input line 5065.

<EstatEcon_files/figure-latex/ExemploDistribuicaoNormalPadronizada4-1.pdf, id=1
125, 279.0425pt x 277.035pt>
File: EstatEcon_files/figure-latex/ExemploDistribuicaoNormalPadronizada4-1.pdf 
Graphic file (type pdf)
<use EstatEcon_files/figure-latex/ExemploDistribuicaoNormalPadronizada4-1.pdf>
Package pdftex.def Info: EstatEcon_files/figure-latex/ExemploDistribuicaoNormal
Padronizada4-1.pdf  used on input line 5067.
(pdftex.def)             Requested size: 279.04181pt x 277.03432pt.
[113] [114 <./EstatEcon_files/figure-latex/ExemploDistribuicaoNormalPadronizada
4-1.pdf>] [115] [116] [117] [118] [119] [120]
Cap\'{\i }tulo 6.
[121

]
Overfull \hbox (16.42834pt too wide) has occurred while \output is active
\T1/lmr/m/n/10 122 \T1/lmr/m/sl/10 CAPÍTULO 6.  DISTRIBUIÇÃO DE VARIÁVEIS ALEÁT
ÓRIAS CONJUNTA
 []

[122]
Overfull \hbox (73.24225pt too wide) detected at line 5571
\OML/lmm/m/it/10 P\OT1/lmr/m/n/10 (\OML/lmm/m/it/10 Y \OT1/lmr/m/n/10 = 1) = \O
ML/lmm/m/it/10 P\OT1/lmr/m/n/10 (\OML/lmm/m/it/10 X \OT1/lmr/m/n/10 = 0 [] \OML
/lmm/m/it/10 Y \OT1/lmr/m/n/10 = 1) + \OML/lmm/m/it/10 P\OT1/lmr/m/n/10 (\OML/l
mm/m/it/10 X \OT1/lmr/m/n/10 = 1 [] \OML/lmm/m/it/10 Y \OT1/lmr/m/n/10 = 1) + \
OML/lmm/m/it/10 P\OT1/lmr/m/n/10 (\OML/lmm/m/it/10 X \OT1/lmr/m/n/10 = 2 [] \OM
L/lmm/m/it/10 Y \OT1/lmr/m/n/10 = 1) + \OML/lmm/m/it/10 P\OT1/lmr/m/n/10 (\OML/
lmm/m/it/10 X \OT1/lmr/m/n/10 = 3 [] \OML/lmm/m/it/10 Y \OT1/lmr/m/n/10 = 1)
 []


Overfull \hbox (132.95178pt too wide) has occurred while \output is active
\T1/lmr/m/sl/10 6.1.  DISTRIBUIÇÃO DE PROBABILIDADE CONJUNTA DE VARIÁVEIS ALEAT
ÓRIAS DISCRETAS \T1/lmr/m/n/10 123
 []

[123]
Overfull \hbox (16.42834pt too wide) has occurred while \output is active
\T1/lmr/m/n/10 124 \T1/lmr/m/sl/10 CAPÍTULO 6.  DISTRIBUIÇÃO DE VARIÁVEIS ALEÁT
ÓRIAS CONJUNTA
 []

[124]
Overfull \hbox (132.95178pt too wide) has occurred while \output is active
\T1/lmr/m/sl/10 6.1.  DISTRIBUIÇÃO DE PROBABILIDADE CONJUNTA DE VARIÁVEIS ALEAT
ÓRIAS DISCRETAS \T1/lmr/m/n/10 125
 []

[125]
Overfull \hbox (16.42834pt too wide) has occurred while \output is active
\T1/lmr/m/n/10 126 \T1/lmr/m/sl/10 CAPÍTULO 6.  DISTRIBUIÇÃO DE VARIÁVEIS ALEÁT
ÓRIAS CONJUNTA
 []

[126]
Overfull \hbox (132.95178pt too wide) has occurred while \output is active
\T1/lmr/m/sl/10 6.1.  DISTRIBUIÇÃO DE PROBABILIDADE CONJUNTA DE VARIÁVEIS ALEAT
ÓRIAS DISCRETAS \T1/lmr/m/n/10 127
 []

[127]
Overfull \hbox (16.42834pt too wide) has occurred while \output is active
\T1/lmr/m/n/10 128 \T1/lmr/m/sl/10 CAPÍTULO 6.  DISTRIBUIÇÃO DE VARIÁVEIS ALEÁT
ÓRIAS CONJUNTA
 []

[128]
Overfull \hbox (132.95178pt too wide) has occurred while \output is active
\T1/lmr/m/sl/10 6.1.  DISTRIBUIÇÃO DE PROBABILIDADE CONJUNTA DE VARIÁVEIS ALEAT
ÓRIAS DISCRETAS \T1/lmr/m/n/10 129
 []

[129]
Overfull \hbox (16.42834pt too wide) has occurred while \output is active
\T1/lmr/m/n/10 130 \T1/lmr/m/sl/10 CAPÍTULO 6.  DISTRIBUIÇÃO DE VARIÁVEIS ALEÁT
ÓRIAS CONJUNTA
 []

[130]
Overfull \hbox (132.95178pt too wide) has occurred while \output is active
\T1/lmr/m/sl/10 6.1.  DISTRIBUIÇÃO DE PROBABILIDADE CONJUNTA DE VARIÁVEIS ALEAT
ÓRIAS DISCRETAS \T1/lmr/m/n/10 131
 []

[131]
Overfull \hbox (16.42834pt too wide) has occurred while \output is active
\T1/lmr/m/n/10 132 \T1/lmr/m/sl/10 CAPÍTULO 6.  DISTRIBUIÇÃO DE VARIÁVEIS ALEÁT
ÓRIAS CONJUNTA
 []

[132]
Overfull \hbox (132.95178pt too wide) has occurred while \output is active
\T1/lmr/m/sl/10 6.1.  DISTRIBUIÇÃO DE PROBABILIDADE CONJUNTA DE VARIÁVEIS ALEAT
ÓRIAS DISCRETAS \T1/lmr/m/n/10 133
 []

[133]
Overfull \hbox (16.42834pt too wide) has occurred while \output is active
\T1/lmr/m/n/10 134 \T1/lmr/m/sl/10 CAPÍTULO 6.  DISTRIBUIÇÃO DE VARIÁVEIS ALEÁT
ÓRIAS CONJUNTA
 []

[134]
Overfull \hbox (132.95178pt too wide) has occurred while \output is active
\T1/lmr/m/sl/10 6.1.  DISTRIBUIÇÃO DE PROBABILIDADE CONJUNTA DE VARIÁVEIS ALEAT
ÓRIAS DISCRETAS \T1/lmr/m/n/10 135
 []

[135]
Overfull \hbox (16.42834pt too wide) has occurred while \output is active
\T1/lmr/m/n/10 136 \T1/lmr/m/sl/10 CAPÍTULO 6.  DISTRIBUIÇÃO DE VARIÁVEIS ALEÁT
ÓRIAS CONJUNTA
 []

[136]
Overfull \hbox (136.70212pt too wide) has occurred while \output is active
\T1/lmr/m/sl/10 6.2.  DISTRIBUIÇÃO DE PROBABILIDADE CONJUNTA DE VARIÁVEIS ALEAT
ÓRIAS CONTÍNUAS \T1/lmr/m/n/10 137
 []

[137]
Overfull \hbox (16.42834pt too wide) has occurred while \output is active
\T1/lmr/m/n/10 138 \T1/lmr/m/sl/10 CAPÍTULO 6.  DISTRIBUIÇÃO DE VARIÁVEIS ALEÁT
ÓRIAS CONJUNTA
 []

[138]
Overfull \hbox (136.70212pt too wide) has occurred while \output is active
\T1/lmr/m/sl/10 6.2.  DISTRIBUIÇÃO DE PROBABILIDADE CONJUNTA DE VARIÁVEIS ALEAT
ÓRIAS CONTÍNUAS \T1/lmr/m/n/10 139
 []

[139]
Overfull \hbox (16.42834pt too wide) has occurred while \output is active
\T1/lmr/m/n/10 140 \T1/lmr/m/sl/10 CAPÍTULO 6.  DISTRIBUIÇÃO DE VARIÁVEIS ALEÁT
ÓRIAS CONJUNTA
 []

[140]
Overfull \hbox (136.70212pt too wide) has occurred while \output is active
\T1/lmr/m/sl/10 6.2.  DISTRIBUIÇÃO DE PROBABILIDADE CONJUNTA DE VARIÁVEIS ALEAT
ÓRIAS CONTÍNUAS \T1/lmr/m/n/10 141
 []

[141]
Overfull \hbox (16.42834pt too wide) has occurred while \output is active
\T1/lmr/m/n/10 142 \T1/lmr/m/sl/10 CAPÍTULO 6.  DISTRIBUIÇÃO DE VARIÁVEIS ALEÁT
ÓRIAS CONJUNTA
 []

[142]
Overfull \hbox (136.70212pt too wide) has occurred while \output is active
\T1/lmr/m/sl/10 6.2.  DISTRIBUIÇÃO DE PROBABILIDADE CONJUNTA DE VARIÁVEIS ALEAT
ÓRIAS CONTÍNUAS \T1/lmr/m/n/10 143
 []

[143]
Overfull \hbox (16.42834pt too wide) has occurred while \output is active
\T1/lmr/m/n/10 144 \T1/lmr/m/sl/10 CAPÍTULO 6.  DISTRIBUIÇÃO DE VARIÁVEIS ALEÁT
ÓRIAS CONJUNTA
 []

[144]
Overfull \hbox (136.70212pt too wide) has occurred while \output is active
\T1/lmr/m/sl/10 6.2.  DISTRIBUIÇÃO DE PROBABILIDADE CONJUNTA DE VARIÁVEIS ALEAT
ÓRIAS CONTÍNUAS \T1/lmr/m/n/10 145
 []

[145]
Overfull \hbox (16.42834pt too wide) has occurred while \output is active
\T1/lmr/m/n/10 146 \T1/lmr/m/sl/10 CAPÍTULO 6.  DISTRIBUIÇÃO DE VARIÁVEIS ALEÁT
ÓRIAS CONJUNTA
 []

[146]
Overfull \hbox (136.70212pt too wide) has occurred while \output is active
\T1/lmr/m/sl/10 6.2.  DISTRIBUIÇÃO DE PROBABILIDADE CONJUNTA DE VARIÁVEIS ALEAT
ÓRIAS CONTÍNUAS \T1/lmr/m/n/10 147
 []

[147]
Overfull \hbox (16.42834pt too wide) has occurred while \output is active
\T1/lmr/m/n/10 148 \T1/lmr/m/sl/10 CAPÍTULO 6.  DISTRIBUIÇÃO DE VARIÁVEIS ALEÁT
ÓRIAS CONJUNTA
 []

[148]
Overfull \hbox (136.70212pt too wide) has occurred while \output is active
\T1/lmr/m/sl/10 6.2.  DISTRIBUIÇÃO DE PROBABILIDADE CONJUNTA DE VARIÁVEIS ALEAT
ÓRIAS CONTÍNUAS \T1/lmr/m/n/10 149
 []

[149]
Overfull \hbox (16.42834pt too wide) has occurred while \output is active
\T1/lmr/m/n/10 150 \T1/lmr/m/sl/10 CAPÍTULO 6.  DISTRIBUIÇÃO DE VARIÁVEIS ALEÁT
ÓRIAS CONJUNTA
 []

[150]
Overfull \hbox (136.70212pt too wide) has occurred while \output is active
\T1/lmr/m/sl/10 6.2.  DISTRIBUIÇÃO DE PROBABILIDADE CONJUNTA DE VARIÁVEIS ALEAT
ÓRIAS CONTÍNUAS \T1/lmr/m/n/10 151
 []

[151]
Overfull \hbox (16.42834pt too wide) has occurred while \output is active
\T1/lmr/m/n/10 152 \T1/lmr/m/sl/10 CAPÍTULO 6.  DISTRIBUIÇÃO DE VARIÁVEIS ALEÁT
ÓRIAS CONJUNTA
 []

[152]
Overfull \hbox (10.6801pt too wide) detected at line 7127
\OML/lmm/m/it/10 P\OT1/lmr/m/n/10 (\OML/lmm/m/it/10 x < \OT1/lmr/m/n/10 0\OML/l
mm/m/it/10 ; \OT1/lmr/m/n/10 5 \OMS/lmsy/m/n/10 j \OML/lmm/m/it/10 y \OT1/lmr/m
/n/10 = 0\OML/lmm/m/it/10 ; \OT1/lmr/m/n/10 5) = [] [][] []  []\OML/lmm/m/it/10
 x \OT1/lmr/m/n/10 = [] [][] = [] []
 []


Overfull \hbox (136.70212pt too wide) has occurred while \output is active
\T1/lmr/m/sl/10 6.2.  DISTRIBUIÇÃO DE PROBABILIDADE CONJUNTA DE VARIÁVEIS ALEAT
ÓRIAS CONTÍNUAS \T1/lmr/m/n/10 153
 []

[153]
Overfull \hbox (16.42834pt too wide) has occurred while \output is active
\T1/lmr/m/n/10 154 \T1/lmr/m/sl/10 CAPÍTULO 6.  DISTRIBUIÇÃO DE VARIÁVEIS ALEÁT
ÓRIAS CONJUNTA
 []

[154]
Cap\'{\i }tulo 7.
[155

] [156

]
Cap\'{\i }tulo 8.
[157] [158

]
Cap\'{\i }tulo 9.
(./EstatEcon.bbl [159] [160

]) [161] (./EstatEcon.aux)

LaTeX Warning: There were undefined references.

 ) 
Here is how much of TeX's memory you used:
 21411 strings out of 478836
 385206 string characters out of 5855599
 731120 words of memory out of 5000000
 37842 multiletter control sequences out of 15000+600000
 529530 words of font info for 267 fonts, out of 8000000 for 9000
 1141 hyphenation exceptions out of 8191
 74i,16n,77p,921b,911s stack positions out of 5000i,500n,10000p,200000b,80000s
{/usr/local/texlive/2021/texmf-dist/fonts/enc/dvips/lm/lm-mathit.enc}{/usr/lo
cal/texlive/2021/texmf-dist/fonts/enc/dvips/lm/lm-mathsy.enc}{/usr/local/texliv
e/2021/texmf-dist/fonts/enc/dvips/lm/lm-rm.enc}{/usr/local/texlive/2021/texmf-d
ist/fonts/enc/dvips/lm/lm-ec.enc}{/usr/local/texlive/2021/texmf-dist/fonts/enc/
dvips/lm/lm-mathex.enc}{/usr/local/texlive/2021/texmf-dist/fonts/enc/dvips/lm/l
m-ts1.enc}</usr/local/texlive/2021/texmf-dist/fonts/type1/public/lm/lmbx10.pfb>
</usr/local/texlive/2021/texmf-dist/fonts/type1/public/lm/lmbx12.pfb></usr/loca
l/texlive/2021/texmf-dist/fonts/type1/public/lm/lmbx7.pfb></usr/local/texlive/2
021/texmf-dist/fonts/type1/public/lm/lmex10.pfb></usr/local/texlive/2021/texmf-
dist/fonts/type1/public/lm/lmmi10.pfb></usr/local/texlive/2021/texmf-dist/fonts
/type1/public/lm/lmmi12.pfb></usr/local/texlive/2021/texmf-dist/fonts/type1/pub
lic/lm/lmmi5.pfb></usr/local/texlive/2021/texmf-dist/fonts/type1/public/lm/lmmi
7.pfb></usr/local/texlive/2021/texmf-dist/fonts/type1/public/lm/lmr10.pfb></usr
/local/texlive/2021/texmf-dist/fonts/type1/public/lm/lmr12.pfb></usr/local/texl
ive/2021/texmf-dist/fonts/type1/public/lm/lmr17.pfb></usr/local/texlive/2021/te
xmf-dist/fonts/type1/public/lm/lmr5.pfb></usr/local/texlive/2021/texmf-dist/fon
ts/type1/public/lm/lmr7.pfb></usr/local/texlive/2021/texmf-dist/fonts/type1/pub
lic/lm/lmri10.pfb></usr/local/texlive/2021/texmf-dist/fonts/type1/public/lm/lmr
o10.pfb></usr/local/texlive/2021/texmf-dist/fonts/type1/public/lm/lmsy10.pfb></
usr/local/texlive/2021/texmf-dist/fonts/type1/public/lm/lmsy5.pfb></usr/local/t
exlive/2021/texmf-dist/fonts/type1/public/lm/lmsy7.pfb></usr/local/texlive/2021
/texmf-dist/fonts/type1/public/lm/lmtk10.pfb></usr/local/texlive/2021/texmf-dis
t/fonts/type1/public/lm/lmtt10.pfb></usr/local/texlive/2021/texmf-dist/fonts/ty
pe1/public/lm/lmtti10.pfb></usr/local/texlive/2021/texmf-dist/fonts/type1/publi
c/amsfonts/symbols/msbm10.pfb>
Output written on EstatEcon.pdf (161 pages, 815541 bytes).
PDF statistics:
 1790 PDF objects out of 2073 (max. 8388607)
 1545 compressed objects within 16 object streams
 489 named destinations out of 1000 (max. 500000)
 70060 words of extra memory for PDF output out of 74296 (max. 10000000)

